app/build/outputs/logs/manifest-merger-debug-report.txt
-- Merging decision tree log ---
manifest
ADDED from src\main\AndroidManifest.xml:22:1-2782:12
INJECTED from src\main\AndroidManifest.xml:22:1-2782:12
INJECTED from src\main\AndroidManifest.xml:22:1-2782:12
	package
		ADDED from src\main\AndroidManifest.xml:23:5-39
		INJECTED from src\main\AndroidManifest.xml
		INJECTED from src\main\AndroidManifest.xml
	xmlns:android
		ADDED from src\main\AndroidManifest.xml:22:11-69
uses-permission#android.permission.READ_CONTACTS
ADDED from src\main\AndroidManifest.xml:25:5-72
	android:name
		ADDED from src\main\AndroidManifest.xml:25:22-69
uses-permission#android.permission.WRITE_CONTACTS
ADDED from src\main\AndroidManifest.xml:26:5-73
	android:name
		ADDED from src\main\AndroidManifest.xml:26:22-70
uses-permission#android.permission.VIBRATE
ADDED from src\main\AndroidManifest.xml:27:5-66
	android:name
		ADDED from src\main\AndroidManifest.xml:27:22-63
uses-permission#android.permission.ACCESS_COARSE_LOCATION
ADDED from src\main\AndroidManifest.xml:28:5-81
	android:name
		ADDED from src\main\AndroidManifest.xml:28:22-78
uses-permission#android.permission.INTERNET
ADDED from src\main\AndroidManifest.xml:29:5-67
	android:name
		ADDED from src\main\AndroidManifest.xml:29:22-64
uses-permission#android.permission.SET_WALLPAPER
ADDED from src\main\AndroidManifest.xml:30:5-72
	android:name
		ADDED from src\main\AndroidManifest.xml:30:22-69
uses-permission#android.permission.WRITE_EXTERNAL_STORAGE
ADDED from src\main\AndroidManifest.xml:31:5-81
	android:name
		ADDED from src\main\AndroidManifest.xml:31:22-78
uses-permission#android.permission.SEND_SMS
ADDED from src\main\AndroidManifest.xml:32:5-67
	android:name
		ADDED from src\main\AndroidManifest.xml:32:22-64
uses-permission#android.permission.RECEIVE_SMS
ADDED from src\main\AndroidManifest.xml:33:5-70
	android:name
		ADDED from src\main\AndroidManifest.xml:33:22-67
uses-permission#android.permission.NFC
ADDED from src\main\AndroidManifest.xml:34:5-62
	android:name
		ADDED from src\main\AndroidManifest.xml:34:22-59
uses-permission#android.permission.RECORD_AUDIO
ADDED from src\main\AndroidManifest.xml:37:5-71
	android:name
		ADDED from src\main\AndroidManifest.xml:37:22-68
uses-permission#android.permission.CAMERA
ADDED from src\main\AndroidManifest.xml:42:5-65
	android:name
		ADDED from src\main\AndroidManifest.xml:42:22-62
uses-feature#android.hardware.camera
ADDED from src\main\AndroidManifest.xml:43:5-60
	android:name
		ADDED from src\main\AndroidManifest.xml:43:19-57
uses-feature#android.hardware.camera.autofocus
ADDED from src\main\AndroidManifest.xml:44:5-95
	android:required
		ADDED from src\main\AndroidManifest.xml:44:68-92
	android:name
		ADDED from src\main\AndroidManifest.xml:44:19-67
application
ADDED from src\main\AndroidManifest.xml:46:5-2776:19
	android:label
		ADDED from src\main\AndroidManifest.xml:47:13-57
	android:hardwareAccelerated
		ADDED from src\main\AndroidManifest.xml:49:13-47
	android:icon
		ADDED from src\main\AndroidManifest.xml:48:13-53
	android:name
		ADDED from src\main\AndroidManifest.xml:46:18-52
uses-library#com.example.will.never.exist
ADDED from src\main\AndroidManifest.xml:53:9-94
	android:required
		ADDED from src\main\AndroidManifest.xml:53:67-91
	android:name
		ADDED from src\main\AndroidManifest.xml:53:23-66
activity#com.example.android.apis.ApiDemos
ADDED from src\main\AndroidManifest.xml:55:9-61:20
	android:name
		ADDED from src\main\AndroidManifest.xml:55:19-42
intent-filter#action:name:android.intent.action.MAIN+category:name:android.intent.category.DEFAULT+category:name:android.intent.category.LAUNCHER
ADDED from src\main\AndroidManifest.xml:56:13-60:29
action#android.intent.action.MAIN
ADDED from src\main\AndroidManifest.xml:57:17-69
	android:name
		ADDED from src\main\AndroidManifest.xml:57:25-66
category#android.intent.category.DEFAULT
ADDED from src\main\AndroidManifest.xml:58:17-76
	android:name
		ADDED from src\main\AndroidManifest.xml:58:27-73
category#android.intent.category.LAUNCHER
ADDED from src\main\AndroidManifest.xml:59:17-77
	android:name
		ADDED from src\main\AndroidManifest.xml:59:27-74
activity#com.example.android.apis.app.HelloWorld
ADDED from src\main\AndroidManifest.xml:69:9-74:20
	android:label
		ADDED from src\main\AndroidManifest.xml:69:50-94
	android:name
		ADDED from src\main\AndroidManifest.xml:69:19-49
intent-filter#action:name:android.intent.action.MAIN+category:name:android.intent.category.SAMPLE_CODE
ADDED from src\main\AndroidManifest.xml:70:13-73:29
category#android.intent.category.SAMPLE_CODE
ADDED from src\main\AndroidManifest.xml:72:17-80
	android:name
		ADDED from src\main\AndroidManifest.xml:72:27-77
activity#com.example.android.apis.app.DialogActivity
ADDED from src\main\AndroidManifest.xml:76:9-83:20
	android:label
		ADDED from src\main\AndroidManifest.xml:77:17-56
	android:theme
		ADDED from src\main\AndroidManifest.xml:78:17-65
	android:name
		ADDED from src\main\AndroidManifest.xml:76:19-53
activity#com.example.android.apis.app.CustomDialogActivity
ADDED from src\main\AndroidManifest.xml:85:9-92:20
	android:label
		ADDED from src\main\AndroidManifest.xml:86:17-63
	android:theme
		ADDED from src\main\AndroidManifest.xml:87:17-58
	android:name
		ADDED from src\main\AndroidManifest.xml:85:19-59
activity#com.example.android.apis.app.QuickContactsDemo
ADDED from src\main\AndroidManifest.xml:94:8-100:20
	android:label
		ADDED from src\main\AndroidManifest.xml:95:17-60
	android:name
		ADDED from src\main\AndroidManifest.xml:94:18-55
activity#com.example.android.apis.app.WallpaperActivity
ADDED from src\main\AndroidManifest.xml:102:9-109:20
	android:label
		ADDED from src\main\AndroidManifest.xml:103:17-59
	android:theme
		ADDED from src\main\AndroidManifest.xml:104:17-55
	android:name
		ADDED from src\main\AndroidManifest.xml:102:19-56
activity#com.example.android.apis.app.TranslucentActivity
ADDED from src\main\AndroidManifest.xml:111:9-118:20
	android:label
		ADDED from src\main\AndroidManifest.xml:112:17-61
	android:theme
		ADDED from src\main\AndroidManifest.xml:113:17-57
	android:name
		ADDED from src\main\AndroidManifest.xml:111:19-58
activity#com.example.android.apis.app.TranslucentBlurActivity
ADDED from src\main\AndroidManifest.xml:120:9-127:20
	android:label
		ADDED from src\main\AndroidManifest.xml:121:17-66
	android:theme
		ADDED from src\main\AndroidManifest.xml:122:17-57
	android:name
		ADDED from src\main\AndroidManifest.xml:120:19-62
activity#com.example.android.apis.app.Animation
ADDED from src\main\AndroidManifest.xml:129:9-134:20
	android:label
		ADDED from src\main\AndroidManifest.xml:129:49-91
	android:name
		ADDED from src\main\AndroidManifest.xml:129:19-48
activity#com.example.android.apis.app.SaveRestoreState
ADDED from src\main\AndroidManifest.xml:136:9-143:20
	android:label
		ADDED from src\main\AndroidManifest.xml:137:17-62
	android:windowSoftInputMode
		ADDED from src\main\AndroidManifest.xml:138:17-72
	android:name
		ADDED from src\main\AndroidManifest.xml:136:19-55
activity#com.example.android.apis.app.PersistentState
ADDED from src\main\AndroidManifest.xml:145:9-152:20
	android:label
		ADDED from src\main\AndroidManifest.xml:146:17-60
	android:windowSoftInputMode
		ADDED from src\main\AndroidManifest.xml:147:17-72
	android:name
		ADDED from src\main\AndroidManifest.xml:145:19-54
activity#com.example.android.apis.app.ActivityRecreate
ADDED from src\main\AndroidManifest.xml:154:9-161:20
	android:enabled
		ADDED from src\main\AndroidManifest.xml:156:17-57
	android:label
		ADDED from src\main\AndroidManifest.xml:155:17-58
	android:name
		ADDED from src\main\AndroidManifest.xml:154:19-55
activity#com.example.android.apis.app.FinishAffinity
ADDED from src\main\AndroidManifest.xml:163:9-171:20
	android:enabled
		ADDED from src\main\AndroidManifest.xml:166:17-57
	android:label
		ADDED from src\main\AndroidManifest.xml:164:17-65
	android:taskAffinity
		ADDED from src\main\AndroidManifest.xml:165:17-50
	android:name
		ADDED from src\main\AndroidManifest.xml:163:19-53
activity#com.example.android.apis.app.SoftInputModes
ADDED from src\main\AndroidManifest.xml:173:9-179:20
	android:label
		ADDED from src\main\AndroidManifest.xml:174:17-57
	android:name
		ADDED from src\main\AndroidManifest.xml:173:19-53
activity#com.example.android.apis.app.ReceiveResult
ADDED from src\main\AndroidManifest.xml:181:9-186:20
	android:label
		ADDED from src\main\AndroidManifest.xml:181:53-100
	android:name
		ADDED from src\main\AndroidManifest.xml:181:19-52
activity#com.example.android.apis.app.SendResult
ADDED from src\main\AndroidManifest.xml:188:9-190:20
	android:theme
		ADDED from src\main\AndroidManifest.xml:189:17-60
	android:name
		ADDED from src\main\AndroidManifest.xml:188:19-49
activity#com.example.android.apis.app.Forwarding
ADDED from src\main\AndroidManifest.xml:192:9-197:20
	android:label
		ADDED from src\main\AndroidManifest.xml:192:50-93
	android:name
		ADDED from src\main\AndroidManifest.xml:192:19-49
activity#com.example.android.apis.app.ForwardTarget
ADDED from src\main\AndroidManifest.xml:199:9-200:20
	android:name
		ADDED from src\main\AndroidManifest.xml:199:19-52
activity#com.example.android.apis.app.RedirectEnter
ADDED from src\main\AndroidManifest.xml:202:9-207:20
	android:label
		ADDED from src\main\AndroidManifest.xml:202:53-94
	android:name
		ADDED from src\main\AndroidManifest.xml:202:19-52
activity#com.example.android.apis.app.RedirectMain
ADDED from src\main\AndroidManifest.xml:209:9-210:20
	android:name
		ADDED from src\main\AndroidManifest.xml:209:19-51
activity#com.example.android.apis.app.RedirectGetter
ADDED from src\main\AndroidManifest.xml:212:9-213:20
	android:name
		ADDED from src\main\AndroidManifest.xml:212:19-53
activity#com.example.android.apis.app.CustomTitle
ADDED from src\main\AndroidManifest.xml:217:9-225:20
	android:label
		ADDED from src\main\AndroidManifest.xml:218:17-62
	android:windowSoftInputMode
		ADDED from src\main\AndroidManifest.xml:219:17-69
	android:theme
		ADDED from src\main\AndroidManifest.xml:220:17-53
	android:name
		ADDED from src\main\AndroidManifest.xml:217:19-50
activity#com.example.android.apis.app.ReorderOnLaunch
ADDED from src\main\AndroidManifest.xml:227:9-233:20
	android:label
		ADDED from src\main\AndroidManifest.xml:228:17-57
	android:name
		ADDED from src\main\AndroidManifest.xml:227:19-54
activity#com.example.android.apis.app.ReorderTwo
ADDED from src\main\AndroidManifest.xml:235:9-52
	android:name
		ADDED from src\main\AndroidManifest.xml:235:19-49
activity#com.example.android.apis.app.ReorderThree
ADDED from src\main\AndroidManifest.xml:236:9-54
	android:name
		ADDED from src\main\AndroidManifest.xml:236:19-51
activity#com.example.android.apis.app.ReorderFour
ADDED from src\main\AndroidManifest.xml:237:9-53
	android:name
		ADDED from src\main\AndroidManifest.xml:237:19-50
activity#com.example.android.apis.app.SetWallpaperActivity
ADDED from src\main\AndroidManifest.xml:239:9-245:20
	android:label
		ADDED from src\main\AndroidManifest.xml:240:19-64
	android:name
		ADDED from src\main\AndroidManifest.xml:239:19-59
activity#com.example.android.apis.app.ScreenOrientation
ADDED from src\main\AndroidManifest.xml:247:9-253:20
	android:label
		ADDED from src\main\AndroidManifest.xml:248:19-70
	android:name
		ADDED from src\main\AndroidManifest.xml:247:19-56
activity#com.example.android.apis.app.FragmentAlertDialog
ADDED from src\main\AndroidManifest.xml:257:9-264:20
	android:enabled
		ADDED from src\main\AndroidManifest.xml:259:17-57
	android:label
		ADDED from src\main\AndroidManifest.xml:258:17-62
	android:name
		ADDED from src\main\AndroidManifest.xml:257:19-58
activity#com.example.android.apis.app.FragmentArguments
ADDED from src\main\AndroidManifest.xml:266:9-273:20
	android:enabled
		ADDED from src\main\AndroidManifest.xml:268:17-57
	android:label
		ADDED from src\main\AndroidManifest.xml:267:17-59
	android:name
		ADDED from src\main\AndroidManifest.xml:266:19-56
activity#com.example.android.apis.app.FragmentCustomAnimations
ADDED from src\main\AndroidManifest.xml:275:9-282:20
	android:enabled
		ADDED from src\main\AndroidManifest.xml:277:17-60
	android:label
		ADDED from src\main\AndroidManifest.xml:276:17-67
	android:name
		ADDED from src\main\AndroidManifest.xml:275:19-63
activity#com.example.android.apis.app.FragmentHideShow
ADDED from src\main\AndroidManifest.xml:284:9-292:20
	android:enabled
		ADDED from src\main\AndroidManifest.xml:287:17-57
	android:label
		ADDED from src\main\AndroidManifest.xml:285:17-59
	android:windowSoftInputMode
		ADDED from src\main\AndroidManifest.xml:286:17-61
	android:name
		ADDED from src\main\AndroidManifest.xml:284:19-55
activity#com.example.android.apis.app.FragmentContextMenu
ADDED from src\main\AndroidManifest.xml:294:9-301:20
	android:enabled
		ADDED from src\main\AndroidManifest.xml:296:17-57
	android:label
		ADDED from src\main\AndroidManifest.xml:295:17-62
	android:name
		ADDED from src\main\AndroidManifest.xml:294:19-58
activity#com.example.android.apis.app.FragmentDialog
ADDED from src\main\AndroidManifest.xml:303:9-310:20
	android:enabled
		ADDED from src\main\AndroidManifest.xml:305:17-57
	android:label
		ADDED from src\main\AndroidManifest.xml:304:17-56
	android:name
		ADDED from src\main\AndroidManifest.xml:303:19-53
activity#com.example.android.apis.app.FragmentDialogOrActivity
ADDED from src\main\AndroidManifest.xml:312:9-319:20
	android:enabled
		ADDED from src\main\AndroidManifest.xml:314:17-57
	android:label
		ADDED from src\main\AndroidManifest.xml:313:17-68
	android:name
		ADDED from src\main\AndroidManifest.xml:312:19-63
activity#com.example.android.apis.app.FragmentLayout
ADDED from src\main\AndroidManifest.xml:321:9-328:20
	android:enabled
		ADDED from src\main\AndroidManifest.xml:323:17-57
	android:label
		ADDED from src\main\AndroidManifest.xml:322:17-56
	android:name
		ADDED from src\main\AndroidManifest.xml:321:19-53
activity#com.example.android.apis.app.FragmentLayout$DetailsActivity
ADDED from src\main\AndroidManifest.xml:330:9-331:60
	android:enabled
		ADDED from src\main\AndroidManifest.xml:331:17-57
	android:name
		ADDED from src\main\AndroidManifest.xml:330:19-69
activity#com.example.android.apis.app.FragmentListArray
ADDED from src\main\AndroidManifest.xml:333:9-340:20
	android:enabled
		ADDED from src\main\AndroidManifest.xml:335:17-57
	android:label
		ADDED from src\main\AndroidManifest.xml:334:17-60
	android:name
		ADDED from src\main\AndroidManifest.xml:333:19-56
activity#com.example.android.apis.app.FragmentMenu
ADDED from src\main\AndroidManifest.xml:342:9-349:20
	android:enabled
		ADDED from src\main\AndroidManifest.xml:344:17-57
	android:label
		ADDED from src\main\AndroidManifest.xml:343:17-54
	android:name
		ADDED from src\main\AndroidManifest.xml:342:19-51
activity#com.example.android.apis.app.FragmentRetainInstance
ADDED from src\main\AndroidManifest.xml:351:9-358:20
	android:enabled
		ADDED from src\main\AndroidManifest.xml:353:17-57
	android:label
		ADDED from src\main\AndroidManifest.xml:352:17-65
	android:name
		ADDED from src\main\AndroidManifest.xml:351:19-61
activity#com.example.android.apis.app.FragmentReceiveResult
ADDED from src\main\AndroidManifest.xml:360:9-367:20
	android:enabled
		ADDED from src\main\AndroidManifest.xml:362:17-57
	android:label
		ADDED from src\main\AndroidManifest.xml:361:17-64
	android:name
		ADDED from src\main\AndroidManifest.xml:360:19-60
activity#com.example.android.apis.app.FragmentStack
ADDED from src\main\AndroidManifest.xml:369:9-376:20
	android:enabled
		ADDED from src\main\AndroidManifest.xml:371:17-57
	android:label
		ADDED from src\main\AndroidManifest.xml:370:17-55
	android:name
		ADDED from src\main\AndroidManifest.xml:369:19-52
activity#com.example.android.apis.app.FragmentTabs
ADDED from src\main\AndroidManifest.xml:378:9-385:20
	android:enabled
		ADDED from src\main\AndroidManifest.xml:380:17-57
	android:label
		ADDED from src\main\AndroidManifest.xml:379:17-54
	android:name
		ADDED from src\main\AndroidManifest.xml:378:19-51
activity#com.example.android.apis.app.LoaderCursor
ADDED from src\main\AndroidManifest.xml:389:9-396:20
	android:enabled
		ADDED from src\main\AndroidManifest.xml:391:17-57
	android:label
		ADDED from src\main\AndroidManifest.xml:390:17-54
	android:name
		ADDED from src\main\AndroidManifest.xml:389:19-51
activity#com.example.android.apis.app.LoaderCustom
ADDED from src\main\AndroidManifest.xml:398:9-405:20
	android:enabled
		ADDED from src\main\AndroidManifest.xml:400:17-57
	android:label
		ADDED from src\main\AndroidManifest.xml:399:17-54
	android:name
		ADDED from src\main\AndroidManifest.xml:398:19-51
activity#com.example.android.apis.app.LoaderThrottle
ADDED from src\main\AndroidManifest.xml:408:9-415:20
	android:enabled
		ADDED from src\main\AndroidManifest.xml:410:17-57
	android:label
		ADDED from src\main\AndroidManifest.xml:409:17-56
	android:name
		ADDED from src\main\AndroidManifest.xml:408:19-53
provider#com.example.android.apis.app.LoaderThrottle$SimpleProvider
ADDED from src\main\AndroidManifest.xml:416:9-418:62
	android:enabled
		ADDED from src\main\AndroidManifest.xml:418:19-59
	android:authorities
		ADDED from src\main\AndroidManifest.xml:417:19-84
	android:name
		ADDED from src\main\AndroidManifest.xml:416:19-68
activity#com.example.android.apis.app.LoaderRetained
ADDED from src\main\AndroidManifest.xml:421:9-428:20
	android:enabled
		ADDED from src\main\AndroidManifest.xml:423:17-57
	android:label
		ADDED from src\main\AndroidManifest.xml:422:17-56
	android:name
		ADDED from src\main\AndroidManifest.xml:421:19-53
activity#com.example.android.apis.app.Intents
ADDED from src\main\AndroidManifest.xml:432:9-437:20
	android:label
		ADDED from src\main\AndroidManifest.xml:432:47-87
	android:name
		ADDED from src\main\AndroidManifest.xml:432:19-46
activity#com.example.android.apis.app.IntentActivityFlags
ADDED from src\main\AndroidManifest.xml:439:9-445:20
	android:label
		ADDED from src\main\AndroidManifest.xml:440:17-71
	android:name
		ADDED from src\main\AndroidManifest.xml:439:19-58
service#com.example.android.apis.app.LocalService
ADDED from src\main\AndroidManifest.xml:449:9-81
	android:stopWithTask
		ADDED from src\main\AndroidManifest.xml:449:51-78
	android:name
		ADDED from src\main\AndroidManifest.xml:449:18-50
activity#com.example.android.apis.app.LocalServiceActivities$Controller
ADDED from src\main\AndroidManifest.xml:451:9-458:20
	android:label
		ADDED from src\main\AndroidManifest.xml:452:17-74
	android:launchMode
		ADDED from src\main\AndroidManifest.xml:453:17-47
	android:name
		ADDED from src\main\AndroidManifest.xml:451:19-72
activity#com.example.android.apis.app.LocalServiceActivities$Binding
ADDED from src\main\AndroidManifest.xml:460:9-466:20
	android:label
		ADDED from src\main\AndroidManifest.xml:461:17-71
	android:name
		ADDED from src\main\AndroidManifest.xml:460:19-69
service#com.example.android.apis.app.MessengerService
ADDED from src\main\AndroidManifest.xml:469:9-470:45
	android:process
		ADDED from src\main\AndroidManifest.xml:470:17-42
	android:name
		ADDED from src\main\AndroidManifest.xml:469:18-54
activity#com.example.android.apis.app.MessengerServiceActivities$Binding
ADDED from src\main\AndroidManifest.xml:473:9-479:20
	android:label
		ADDED from src\main\AndroidManifest.xml:474:17-75
	android:name
		ADDED from src\main\AndroidManifest.xml:473:19-73
service#com.example.android.apis.app.RemoteService
ADDED from src\main\AndroidManifest.xml:481:9-491:19
	android:process
		ADDED from src\main\AndroidManifest.xml:481:52-77
	android:name
		ADDED from src\main\AndroidManifest.xml:481:18-51
intent-filter#action:name:com.example.android.apis.app.IRemoteService+action:name:com.example.android.apis.app.ISecondary+action:name:com.example.android.apis.app.REMOTE_SERVICE
ADDED from src\main\AndroidManifest.xml:482:13-490:29
action#com.example.android.apis.app.IRemoteService
ADDED from src\main\AndroidManifest.xml:485:17-86
	android:name
		ADDED from src\main\AndroidManifest.xml:485:25-83
action#com.example.android.apis.app.ISecondary
ADDED from src\main\AndroidManifest.xml:486:17-82
	android:name
		ADDED from src\main\AndroidManifest.xml:486:25-79
action#com.example.android.apis.app.REMOTE_SERVICE
ADDED from src\main\AndroidManifest.xml:489:17-86
	android:name
		ADDED from src\main\AndroidManifest.xml:489:25-83
activity#com.example.android.apis.app.RemoteService$Controller
ADDED from src\main\AndroidManifest.xml:493:9-500:20
	android:label
		ADDED from src\main\AndroidManifest.xml:494:17-75
	android:launchMode
		ADDED from src\main\AndroidManifest.xml:495:17-47
	android:name
		ADDED from src\main\AndroidManifest.xml:493:19-63
activity#com.example.android.apis.app.RemoteService$Binding
ADDED from src\main\AndroidManifest.xml:502:9-508:20
	android:label
		ADDED from src\main\AndroidManifest.xml:503:17-72
	android:name
		ADDED from src\main\AndroidManifest.xml:502:19-60
activity#com.example.android.apis.app.RemoteService$BindingOptions
ADDED from src\main\AndroidManifest.xml:510:9-516:20
	android:label
		ADDED from src\main\AndroidManifest.xml:511:17-80
	android:name
		ADDED from src\main\AndroidManifest.xml:510:19-67
service#com.example.android.apis.app.ServiceStartArguments
ADDED from src\main\AndroidManifest.xml:518:9-62
	android:name
		ADDED from src\main\AndroidManifest.xml:518:18-59
activity#com.example.android.apis.app.ServiceStartArguments$Controller
ADDED from src\main\AndroidManifest.xml:520:9-527:20
	android:label
		ADDED from src\main\AndroidManifest.xml:521:17-84
	android:launchMode
		ADDED from src\main\AndroidManifest.xml:522:17-47
	android:name
		ADDED from src\main\AndroidManifest.xml:520:19-71
service#com.example.android.apis.app.ForegroundService
ADDED from src\main\AndroidManifest.xml:529:9-58
	android:name
		ADDED from src\main\AndroidManifest.xml:529:18-55
activity#com.example.android.apis.app.ForegroundService$Controller
ADDED from src\main\AndroidManifest.xml:531:9-538:20
	android:label
		ADDED from src\main\AndroidManifest.xml:532:17-79
	android:launchMode
		ADDED from src\main\AndroidManifest.xml:533:17-47
	android:name
		ADDED from src\main\AndroidManifest.xml:531:19-67
activity#com.example.android.apis.app.IsolatedService$Controller
ADDED from src\main\AndroidManifest.xml:540:9-548:20
	android:enabled
		ADDED from src\main\AndroidManifest.xml:543:17-57
	android:label
		ADDED from src\main\AndroidManifest.xml:541:17-77
	android:launchMode
		ADDED from src\main\AndroidManifest.xml:542:17-47
	android:name
		ADDED from src\main\AndroidManifest.xml:540:19-65
service#com.example.android.apis.app.IsolatedService
ADDED from src\main\AndroidManifest.xml:550:9-551:60
	android:enabled
		ADDED from src\main\AndroidManifest.xml:551:17-57
	android:isolatedProcess
		ADDED from src\main\AndroidManifest.xml:550:54-84
	android:name
		ADDED from src\main\AndroidManifest.xml:550:18-53
service#com.example.android.apis.app.IsolatedService2
ADDED from src\main\AndroidManifest.xml:552:9-553:60
	android:enabled
		ADDED from src\main\AndroidManifest.xml:553:17-57
	android:isolatedProcess
		ADDED from src\main\AndroidManifest.xml:552:55-85
	android:name
		ADDED from src\main\AndroidManifest.xml:552:18-54
receiver#com.example.android.apis.app.OneShotAlarm
ADDED from src\main\AndroidManifest.xml:557:9-80
	android:process
		ADDED from src\main\AndroidManifest.xml:557:52-77
	android:name
		ADDED from src\main\AndroidManifest.xml:557:19-51
receiver#com.example.android.apis.app.RepeatingAlarm
ADDED from src\main\AndroidManifest.xml:559:9-82
	android:process
		ADDED from src\main\AndroidManifest.xml:559:54-79
	android:name
		ADDED from src\main\AndroidManifest.xml:559:19-53
activity#com.example.android.apis.app.AlarmController
ADDED from src\main\AndroidManifest.xml:561:9-566:20
	android:label
		ADDED from src\main\AndroidManifest.xml:561:55-104
	android:name
		ADDED from src\main\AndroidManifest.xml:561:19-54
service#com.example.android.apis.app.AlarmService_Service
ADDED from src\main\AndroidManifest.xml:568:9-87
	android:process
		ADDED from src\main\AndroidManifest.xml:568:59-84
	android:name
		ADDED from src\main\AndroidManifest.xml:568:18-58
activity#com.example.android.apis.app.AlarmService
ADDED from src\main\AndroidManifest.xml:570:9-575:20
	android:label
		ADDED from src\main\AndroidManifest.xml:570:52-98
	android:name
		ADDED from src\main\AndroidManifest.xml:570:19-51
activity#com.example.android.apis.accessibility.ClockBackActivity
ADDED from src\main\AndroidManifest.xml:581:9-587:20
	android:label
		ADDED from src\main\AndroidManifest.xml:582:13-58
	android:name
		ADDED from src\main\AndroidManifest.xml:581:19-66
service#com.example.android.apis.accessibility.ClockBackService
ADDED from src\main\AndroidManifest.xml:589:9-595:19
	android:label
		ADDED from src\main\AndroidManifest.xml:590:13-64
	android:permission
		ADDED from src\main\AndroidManifest.xml:591:13-79
	android:name
		ADDED from src\main\AndroidManifest.xml:589:18-64
intent-filter#action:name:android.accessibilityservice.AccessibilityService
ADDED from src\main\AndroidManifest.xml:592:13-594:29
action#android.accessibilityservice.AccessibilityService
ADDED from src\main\AndroidManifest.xml:593:17-92
	android:name
		ADDED from src\main\AndroidManifest.xml:593:25-89
activity#com.example.android.apis.accessibility.TaskListActivity
ADDED from src\main\AndroidManifest.xml:597:9-604:20
	android:enabled
		ADDED from src\main\AndroidManifest.xml:599:19-66
	android:label
		ADDED from src\main\AndroidManifest.xml:598:19-69
	android:name
		ADDED from src\main\AndroidManifest.xml:597:19-65
service#com.example.android.apis.accessibility.TaskBackService
ADDED from src\main\AndroidManifest.xml:606:9-616:19
	android:enabled
		ADDED from src\main\AndroidManifest.xml:608:18-65
	android:label
		ADDED from src\main\AndroidManifest.xml:607:18-74
	android:permission
		ADDED from src\main\AndroidManifest.xml:609:18-84
	android:name
		ADDED from src\main\AndroidManifest.xml:606:18-63
meta-data#android.accessibilityservice
ADDED from src\main\AndroidManifest.xml:613:13-615:58
	android:resource
		ADDED from src\main\AndroidManifest.xml:615:17-55
	android:name
		ADDED from src\main\AndroidManifest.xml:614:17-60
activity#com.example.android.apis.accessibility.CustomViewAccessibilityActivity
ADDED from src\main\AndroidManifest.xml:618:9-625:20
	android:enabled
		ADDED from src\main\AndroidManifest.xml:620:19-66
	android:label
		ADDED from src\main\AndroidManifest.xml:619:19-68
	android:name
		ADDED from src\main\AndroidManifest.xml:618:19-80
activity#com.example.android.apis.app.LocalSample
ADDED from src\main\AndroidManifest.xml:629:9-634:20
	android:label
		ADDED from src\main\AndroidManifest.xml:629:51-96
	android:name
		ADDED from src\main\AndroidManifest.xml:629:19-50
intent-filter#action:name:android.intent.action.MAIN
ADDED from src\main\AndroidManifest.xml:630:13-633:29
activity#com.example.android.apis.app.ContactsFilter
ADDED from src\main\AndroidManifest.xml:636:9-641:20
	android:label
		ADDED from src\main\AndroidManifest.xml:636:54-102
	android:name
		ADDED from src\main\AndroidManifest.xml:636:19-53
activity#com.example.android.apis.app.NotifyWithText
ADDED from src\main\AndroidManifest.xml:646:9-651:20
	android:label
		ADDED from src\main\AndroidManifest.xml:646:54-101
	android:name
		ADDED from src\main\AndroidManifest.xml:646:19-53
activity#com.example.android.apis.app.IncomingMessage
ADDED from src\main\AndroidManifest.xml:653:9-659:20
	android:label
		ADDED from src\main\AndroidManifest.xml:654:17-65
	android:name
		ADDED from src\main\AndroidManifest.xml:653:19-54
activity#com.example.android.apis.app.IncomingMessageView
ADDED from src\main\AndroidManifest.xml:661:9-663:20
	android:label
		ADDED from src\main\AndroidManifest.xml:662:17-69
	android:name
		ADDED from src\main\AndroidManifest.xml:661:19-58
activity#com.example.android.apis.app.IncomingMessageInterstitial
ADDED from src\main\AndroidManifest.xml:666:9-672:20
	android:label
		ADDED from src\main\AndroidManifest.xml:667:17-50
	android:excludeFromRecents
		ADDED from src\main\AndroidManifest.xml:671:17-50
	android:launchMode
		ADDED from src\main\AndroidManifest.xml:669:17-48
	android:theme
		ADDED from src\main\AndroidManifest.xml:668:17-55
	android:taskAffinity
		ADDED from src\main\AndroidManifest.xml:670:17-40
	android:name
		ADDED from src\main\AndroidManifest.xml:666:19-66
activity#com.example.android.apis.app.NotificationDisplay
ADDED from src\main\AndroidManifest.xml:679:9-684:20
	android:excludeFromRecents
		ADDED from src\main\AndroidManifest.xml:682:17-50
	android:noHistory
		ADDED from src\main\AndroidManifest.xml:683:17-41
	android:theme
		ADDED from src\main\AndroidManifest.xml:680:17-57
	android:taskAffinity
		ADDED from src\main\AndroidManifest.xml:681:17-40
	android:name
		ADDED from src\main\AndroidManifest.xml:679:19-58
activity#com.example.android.apis.app.StatusBarNotifications
ADDED from src\main\AndroidManifest.xml:686:9-693:20
	android:label
		ADDED from src\main\AndroidManifest.xml:687:17-60
	android:launchMode
		ADDED from src\main\AndroidManifest.xml:688:17-47
	android:name
		ADDED from src\main\AndroidManifest.xml:686:19-61
service#com.example.android.apis.app.NotifyingService
ADDED from src\main\AndroidManifest.xml:695:9-57
	android:name
		ADDED from src\main\AndroidManifest.xml:695:18-54
activity#com.example.android.apis.app.NotifyingController
ADDED from src\main\AndroidManifest.xml:697:9-702:20
	android:label
		ADDED from src\main\AndroidManifest.xml:697:59-120
	android:name
		ADDED from src\main\AndroidManifest.xml:697:19-58
activity#com.example.android.apis.app.AlertDialogSamples
ADDED from src\main\AndroidManifest.xml:705:9-710:20
	android:label
		ADDED from src\main\AndroidManifest.xml:705:58-103
	android:name
		ADDED from src\main\AndroidManifest.xml:705:19-57
activity#com.example.android.apis.app.SearchInvoke
ADDED from src\main\AndroidManifest.xml:719:9-738:20
	android:label
		ADDED from src\main\AndroidManifest.xml:720:19-56